0.295017506876609
0.295935002240936
0.424602256856181
0.355329277944426
0.376579579287371
0.267402416134393
0.335047543355209
0.383920693635006
0.305642996512637
0.400204611015600
0.418921613663163
0.430141655914152
0.394341266204574
0.367094701498270
0.422922282557879
0.439436800313923
0.323851872016416
0.319951073461530
0.469256446286915
0.336974016021836
0.499649962952154
0.475209573931862
0.384563152377863
0.361561268239102
0.407898619155235
0.366565553056439
0.442137787050025
0.427249869646763
0.438359328398053
0.337696021684323
0.433294967305420
0.433356651905190
0.448289846563197
0.435463764198236
0.453160562522464
0.444904925437484
0.499658150185878
0.438370683423377
0.445065071888560
0.451824400914016
0.403192316859683
0.459573682755183
0.419501167827401
0.446264200915551
0.417694072384662
0.438519232514068
0.482526798428363
0.507309437100152
0.460856141878671
0.482187181564442
0.537905326894608
0.433677242803536
0.493236830315745
0.538713896234778
0.544963538216378
0.632126674616835
0.591829314678344
0.475070130126544
0.630131171231091
0.435211430700183
0.480463345731887
0.529212794251180
0.551307889167442
0.655124012056884
0.697658142408615
0.617283030904721
0.459277058234601
0.491480894736141
0.638043195720679
0.568219164361828
0.493184815231706
0.641779934650587
0.518165468313582
0.647320701966890
0.562505440329786
0.606530704312657
0.670863528309232
0.518502005913209
0.613366104332000
0.550244218123094
0.658165824575717
0.660605416632219
0.645163041590319
0.538835589810627
0.611129506014910
0.536786823257370
0.553222724548004
0.661456581219018
0.643744621672769
0.630080017186548
0.730543522399185
0.570828598803660
0.590157936603185
0.664329149568751
0.633481870032131
0.632641693029399
0.659562550788592
0.663865730667034
0.736023945003191
0.651498846861703
