0.000000000000000
-1421.622308852468677
5.733012015482658
0.000000000000000
1.833957910986048
12.530542398905133
0.072385906270328
10.845574939037904
2.767573211002378
2.101988596404190
12.634275027968085
3.257073362464567
0.000000000000000
6.157925477080413
0.649731936246092
0.000000000000000
0.000000000000000
7.111387399402641
0.123490180436777
2.753990818080905
0.672765863030004
1.000000000000000
0.000000000000000
11.987238383803355
0.000000000000000
1.892669005327666
3.333499665289467
0.000000000000000
0.762643171645933
4.611328587843428
1.440699033895741
25.376386723195225
0.087156310659101
39.217076521619909
8.333119780280002
8.090610873741777
7.828606925161607
0.045627182199877
0.000000000000000
20.037168229828712
2.175320413689305
0.000000000000000
0.000000000000000
17.008759053692142
0.304639716185068
0.000000000000000
4.736444347809472
11.993841039438880
0.239975205390097
5.239790377229158
13.453191549972418
11.053382322288066
12.047697947362851
0.000000000000000
0.000000000000000
0.959698964289556
0.000000000000000
0.000000000000000
13.353077043197970
0.000000000000000
0.000000000000000
1.808900195863036
0.724218236869766
0.000000000000000
15.779530352463365
0.202786576630785
0.000000000000000
0.000000000000000
7.599376385774569
0.379906155353228
0.000000000000000
0.000000000000000
12.071108500353812
0.095522973407330
0.715500817221146
3.895559357542661
9.970741861568110
4.962551169898425
0.808612448211189
0.819515776265054
2.210050736500983
0.000000000000000
3.272918814166571
7.766558373641534
0.000000000000000
0.000000000000000
0.000000000000000
3.619001451767926
14.825255175134902
0.000000000000000
1.777440666428842
0.000000000000000
0.000000000000000
2.109705532937652
11.141950210419321
1.637188751052710
5.220235758819437
0.363085395472360
30.557205036069199
0.000000000000000
31.344251186067702
1.956373587416136
0.000000000000000
1.317374547601318
0.843696419955855
0.000000000000000
3.052867723168675
8.446076910421574
1.494985539452616
0.000000000000000
0.500000000000000
4.515296882701128
0.975647251801252
10.989777077895294
0.000000000000000
0.000000000000000
5.623165490023711
0.694877247063215
9.024716321603378
0.105396568640584
0.000000000000000
2.847930901696395
6.829816362464505
0.000000000000000
14.406808071234815
7.766844495819414
3.671241825790870
3.625668470578922
0.000000000000000
1.922496333769130
2.197095693661976
4.804276919989748
15.048989580484498
0.000000000000000
8.209301754789934
0.638902058121338
0.000000000000000
0.000000000000000
3.315025595159431
0.000000000000000
0.626859393404426
0.000000000000000
0.000000000000000
0.000000000000000
19.910799739017005
6.608904583719771
0.000000000000000
3.313018178361134
0.000000000000000
1.389876282206916
0.500000000000000
0.000000000000000
1.000000000000000
0.174178090829976
0.000000000000000
5.249063786799591
0.000000000000000
15.376785782014130
5.364580855741346
0.467622435158968
1.020569066708487
11.795386472239354
0.560938870336489
0.500000000000000
0.000000000000000
0.000000000000000
0.000000000000000
0.000000000000000
7.221331123066319
2.435911510335940
0.500000000000000
0.383306698221963
1.684970920636738
9.798865345901024
1.299533060518119
0.000000000000000
2.391280516914913
0.000000000000000
0.000000000000000
0.000000000000000
0.000000000000000
13.148866606698553
0.653392024115351
0.908147327022686
1.200609387849819
0.000000000000000
0.712558400497702
0.245270992387090
0.837910415161274
1.836627871143957
1.567677530341792
0.000000000000000
0.000000000000000
7.687272665532429
4.523019189379760
0.000000000000000
0.000000000000000
0.000000000000000
0.000000000000000
0.000000000000000
2.463424441236995
0.000000000000000
0.000000000000000
18.972755289890010
0.129865839594014
0.500000000000000
8.208587958639930
1.290556224996057
0.000000000000000
0.000000000000000
13.034878692446714
0.810363494411057
14.141346101588550
4.980338099253370
0.557386777197425
1.203623245822414
0.000000000000000
1.335943729972191
0.386651512367378
0.489194038026067
0.000000000000000
0.528788510433796
0.492795402116998
14.545321948469519
0.120404350001934
0.000000000000000
1.412843689340900
17.861298003017342
4.995345585447596
0.000000000000000
1.209597903417274
0.583996929357402
0.000000000000000
15.432256710605582
1.052133136788192
3.091817731827296
1.041327345896732
7.657532552800527
7.550403958198880
1.474038901300440
0.500000000000000
8.547374115390001
0.375611333498582
0.000000000000000
0.500000000000000
1.625327108606552
0.000000000000000
0.000000000000000
1.000000000000000
0.000000000000000
0.831952886806596
1.696902295697036
0.000000000000000
0.000000000000000
0.000000000000000
0.000000000000000
32.840291131549300
0.421401131918198
0.397020423912908
0.000000000000000
2.073531265738990
0.400475222061715
0.000000000000000
0.500000000000000
14.514446247829957
0.433644122275249
1.159904548645768
0.580822130484583
0.000000000000000
18.818658516918816
6.250834538012210
0.466478215407949
0.485593795321127
8.549495825654050
1.756474682764124
0.000000000000000
4.845119829291290
0.712558400497702
0.900676106413218
0.000000000000000
0.703623245822414
0.000000000000000
0.000000000000000
2.777937411725851
1.737983297012152
0.000000000000000
2.157161916285695
0.000000000000000
13.668433789866922
5.034850051107475
0.059954243563545
0.000000000000000
5.492395167992390
0.431975992836227
0.806372427421895
1.178724299195511
0.000000000000000
0.000000000000000
21.130479209973100
2.313607546815242
3.207495072592493
0.320967298715527
0.640240405720866
0.682165228052495
0.256097015179928
6.075956383925313
6.723223595067046
2.132569933553253
0.000000000000000
4.979412084169443
0.000000000000000
1.360047475079307
5.487657977579848
11.755291232596402
1.601057114713339
0.500000000000000
0.327280763011394
2.931488685658683
2.511912669332018
2.479842288772624
0.256097015179928
0.500000000000000
0.278669135204928
0.000000000000000
0.910523288622807
0.892669005327666
1.422986544743179
1.166042089013952
6.495801731112793
0.000000000000000
0.000000000000000
14.278768425698198
0.296376754177586
0.000000000000000
9.913781034300818
0.626859393404426
0.500000000000000
0.000000000000000
0.860047475079307
0.205126168459359
0.000000000000000
1.827884950550485
0.000000000000000
0.946222797881324
0.754729007612910
0.000000000000000
0.500000000000000
0.000000000000000
0.000000000000000
10.501291477391925
0.539545264250403
0.281574983977261
1.341786682488369
0.166042089013952
0.000000000000000
5.146836404041134
0.499400064583856
0.000000000000000
0.000000000000000
35.708894007176845
2.231124306078841
0.239975205390097
1.764562116158903
0.500000000000000
0.302421945380141
0.000000000000000
1.000000000000000
0.500000000000000
1.000000000000000
0.393575863927933
0.500000000000000
0.000000000000000
32.779400159685764
0.000000000000000
16.901276882078243
0.500000000000000
1.177422186675360
0.000000000000000
17.005642770971527
9.020435175688450
0.000000000000000
0.000000000000000
0.500000000000000
6.114831923207005
0.000000000000000
13.116653832564158
1.266767406694111
0.000000000000000
1.039545264250403
0.000000000000000
15.877319718518692
0.350789800443809
0.000000000000000
0.000000000000000
0.000000000000000
5.297569455030586
12.192155050369825
0.000000000000000
0.000000000000000
0.000000000000000
3.125212816271683
0.000000000000000
16.158446474469557
0.000000000000000
0.500000000000000
0.500000000000000
0.000000000000000
0.000000000000000
0.000000000000000
7.518612724487224
0.000000000000000
0.000000000000000
29.392394517298445
0.504877906273298
0.000000000000000
25.283535594875140
0.000000000000000
0.500000000000000
0.290402096582726
